<?xml version="1.0" encoding="UTF-8"?>
<!-- Generated by org.testng.reporters.JUnitReportReporter -->
<testsuite hostname="LAPTOP-5CE6SGRN" failures="0" tests="4" name="mavenproject12.mavendummy" time="5.727" errors="0" timestamp="2023-01-06T19:02:46 IST" skipped="0">
  <testcase classname="mavenproject12.mavendummy" name="dtest5" time="5.721"/>
  <system-out/>
  <testcase classname="mavenproject12.mavendummy" name="atest1" time="0.002"/>
  <system-out/>
  <testcase classname="mavenproject12.mavendummy" name="btest2" time="0.001"/>
  <system-out/>
  <testcase classname="mavenproject12.mavendummy" name="ctest3" time="0.003"/>
  <system-out/>
</testsuite> <!-- mavenproject12.mavendummy -->
