<?xml version="1.0" encoding="UTF-8"?>
<!-- Generated by org.testng.reporters.JUnitReportReporter -->
<testsuite hostname="LAPTOP-5CE6SGRN" failures="0" tests="1" name="google.Googleopen" time="3.800" errors="0" timestamp="2023-01-06T18:37:43 IST" skipped="0">
  <testcase classname="google.Googleopen" name="test" time="3.800"/>
  <system-out/>
</testsuite> <!-- google.Googleopen -->
